Using selector: SelectSelector
Watching for file changes with StatReloader
POST data: <QueryDict: {'csrfmiddlewaretoken': ['chxYfqEPZMij6ZRpUKEC2rO3tP9hDXn8OAXTLFn3F7mdn2yG9DOJbvHZzPS69iYG'], 'recipename': ['rasagulla'], 'category': ['1'], 'ingredient_1': ['2'], 'ingredient_name_1': ['Milk'], 'quantity_1': ['1'], 'measurement_1': ['g'], 'instructions_1': ['sqaasd'], 'instructions_2': ['asdsa'], 'tags': ['Small, deep-fried rice and jaggery snacks']}>
FILES data: <MultiValueDict: {'image': [<InMemoryUploadedFile: butterchicken.jpg (image/jpeg)>]}>
Error adding recipe: 'NoneType' object is not subscriptable
Traceback (most recent call last):
  File "D:\MINI_PROJECT\recipe_sharing_platform\recipe\views.py", line 173, in addrecipe
    logger.info(f"Parsed data: recipename={recipename}, category_id={category_id}, tags={tags}, image={image}, instructions={instructions[:50]}...")
TypeError: 'NoneType' object is not subscriptable
POST data: <QueryDict: {'csrfmiddlewaretoken': ['gTk45MrOdZuFNi63KftYz3kZTyABrDeRScKZB1a2Tkyz4lNkZ8D5I7dVZyjqXYPp'], 'recipename': ['Cutlet..chumma enthellum kodukku ad'], 'category': ['1'], 'ingredient_1': ['2'], 'ingredient_name_1': ['Milk'], 'quantity_1': ['0.05'], 'measurement_1': ['g'], 'ingredient_2': ['4'], 'ingredient_name_2': ['Broccoli'], 'quantity_2': ['0.06'], 'measurement_2': ['g'], 'instructions_1': ['In a mixing bowl, combine the mashed potatoes, mixed vegetables, chopped onion, green chilies, ginger-garlic paste, garam masala, salt, and black pepper. Mix well until all ingredients are incorporated.'], 'instructions_2': ['Take small portions of the mixture and shape them into round or oval patties (cutlets). Press them gently to ensure they hold together.'], 'instructions_3': ['In a shallow dish, spread the bread crumbs. In another bowl, place the all-purpose flour (optional). Dip each cutlet first in the flour (to help the bread crumbs stick), then roll it in the bread crumbs until fully coated.\r\n'], 'instructions_4': ['Heat oil in a frying pan over medium heat. Once the oil is hot, carefully place the cutlets in the pan (do not overcrowd). Fry until golden brown on both sides, about 3-4 minutes per side'], 'instructions_5': ['Once cooked, remove the cutlets from the pan and place them on a paper towel-lined plate to drain excess oil.'], 'instructions_6': ['Serve hot with ketchup, green chutney, or yogurt dip. Enjoy your delicious homemade cutlets!'], 'tags': ['Dessert, Indian sweets, Festival recipes']}>
FILES data: <MultiValueDict: {'image': [<InMemoryUploadedFile: cutlet.jpg (image/jpeg)>]}>
Error adding recipe: 'NoneType' object is not subscriptable
Traceback (most recent call last):
  File "D:\MINI_PROJECT\recipe_sharing_platform\recipe\views.py", line 173, in addrecipe
    logger.info(f"Parsed data: recipename={recipename}, category_id={category_id}, tags={tags}, image={image}, instructions={instructions[:50]}...")
TypeError: 'NoneType' object is not subscriptable
D:\MINI_PROJECT\recipe_sharing_platform\recipe\views.py changed, reloading.
Using selector: SelectSelector
Watching for file changes with StatReloader
POST data: <QueryDict: {'csrfmiddlewaretoken': ['gTk45MrOdZuFNi63KftYz3kZTyABrDeRScKZB1a2Tkyz4lNkZ8D5I7dVZyjqXYPp'], 'recipename': ['Cutlet..chumma enthellum kodukku ad'], 'category': ['1'], 'ingredient_1': ['2'], 'ingredient_name_1': ['Milk'], 'quantity_1': ['0.05'], 'measurement_1': ['g'], 'ingredient_2': ['4'], 'ingredient_name_2': ['Broccoli'], 'quantity_2': ['0.06'], 'measurement_2': ['g'], 'instructions_1': ['In a mixing bowl, combine the mashed potatoes, mixed vegetables, chopped onion, green chilies, ginger-garlic paste, garam masala, salt, and black pepper. Mix well until all ingredients are incorporated.'], 'instructions_2': ['Take small portions of the mixture and shape them into round or oval patties (cutlets). Press them gently to ensure they hold together.'], 'instructions_3': ['In a shallow dish, spread the bread crumbs. In another bowl, place the all-purpose flour (optional). Dip each cutlet first in the flour (to help the bread crumbs stick), then roll it in the bread crumbs until fully coated.\r\n'], 'instructions_4': ['Heat oil in a frying pan over medium heat. Once the oil is hot, carefully place the cutlets in the pan (do not overcrowd). Fry until golden brown on both sides, about 3-4 minutes per side'], 'instructions_5': ['Once cooked, remove the cutlets from the pan and place them on a paper towel-lined plate to drain excess oil.'], 'instructions_6': ['Serve hot with ketchup, green chutney, or yogurt dip. Enjoy your delicious homemade cutlets!'], 'tags': ['Dessert, Indian sweets, Festival recipes']}>
FILES data: <MultiValueDict: {'image': [<InMemoryUploadedFile: cutlet.jpg (image/jpeg)>]}>
Parsed data: recipename=Cutlet..chumma enthellum kodukku ad, category_id=1, tags=Dessert, Indian sweets, Festival recipes, image=cutlet.jpg, instructions=In a mixing bowl, combine the mashed potatoes, mix...
Created recipe with ID: 8
Added ingredient: 2, quantity: 0.05, measurement: g
Added ingredient: 4, quantity: 0.06, measurement: g
Recipe ID: 1, Recipe ID type: <class 'int'>, Name: rasagulla
Recipe ID: 2, Recipe ID type: <class 'int'>, Name: rasagulla
Recipe ID: 3, Recipe ID type: <class 'int'>, Name: Rasagulla
Recipe ID: 4, Recipe ID type: <class 'int'>, Name: fgfdgfd
Recipe ID: 5, Recipe ID type: <class 'int'>, Name: Milk Dosa
Recipe ID: 8, Recipe ID type: <class 'int'>, Name: Cutlet..chumma enthellum kodukku ad
POST data: <QueryDict: {'csrfmiddlewaretoken': ['FOHsOhjjoJ2CgrnIf8MI2Wbfg6O3XtJ6h77nkw2x446wxu4Zu1WPb04bm6xStOkE'], 'recipename': ['Barfi'], 'category': ['1'], 'ingredient_1': ['2'], 'ingredient_name_1': ['Milk'], 'quantity_1': ['0.03'], 'measurement_1': ['g'], 'instructions_1': ['aaaaaaaaaaaa'], 'instructions_2': ['fgdfvvdc'], 'instructions_3': ['djfkjdfkdjfjfj'], 'tags': ['FestiveFood, GheeLover, HomemadeSweets']}>
FILES data: <MultiValueDict: {'image': [<InMemoryUploadedFile: barfi.jpg (image/jpeg)>]}>
Parsed data: recipename=Barfi, category_id=1, tags=FestiveFood, GheeLover, HomemadeSweets, image=barfi.jpg, instructions=aaaaaaaaaaaa
fgdfvvdc
djfkjdfkdjfjfj...
Created recipe with ID: 9
Added ingredient: 2, quantity: 0.03, measurement: g
D:\MINI_PROJECT\recipe_sharing_platform\recipe\views.py changed, reloading.
Using selector: SelectSelector
Watching for file changes with StatReloader
D:\MINI_PROJECT\recipe_sharing_platform\recipe\views.py changed, reloading.
Using selector: SelectSelector
Watching for file changes with StatReloader
D:\MINI_PROJECT\recipe_sharing_platform\recipe\views.py changed, reloading.
Using selector: SelectSelector
Watching for file changes with StatReloader
POST data: <QueryDict: {'csrfmiddlewaretoken': ['vq2Pqwruw1UJwv1XS670LHgvF4x8AFFD7JsKWLaIcmYDNyIe7Zh7UL9rL4gX60gb'], 'recipename': ['Barfi'], 'category': ['1'], 'instructions_1': ['aaaaaaaaaaaa'], 'tags': ['FestiveFood, GheeLover, HomemadeSweets']}>
FILES data: <MultiValueDict: {'image': [<InMemoryUploadedFile: barfi.jpg (image/jpeg)>]}>
Parsed data: recipename=Barfi, category_id=1, tags=FestiveFood, GheeLover, HomemadeSweets, image=barfi.jpg, instructions=aaaaaaaaaaaa...
Created recipe with ID: 10
Recipe ID: 1, Recipe ID type: <class 'int'>, Name: rasagulla
Recipe ID: 2, Recipe ID type: <class 'int'>, Name: rasagulla
Recipe ID: 3, Recipe ID type: <class 'int'>, Name: Rasagulla
Recipe ID: 4, Recipe ID type: <class 'int'>, Name: fgfdgfd
Recipe ID: 5, Recipe ID type: <class 'int'>, Name: Milk Dosa
Recipe ID: 8, Recipe ID type: <class 'int'>, Name: Cutlet..chumma enthellum kodukku ad
Recipe ID: 9, Recipe ID type: <class 'int'>, Name: Barfi
Recipe ID: 10, Recipe ID type: <class 'int'>, Name: Barfi
Using selector: SelectSelector
Using selector: SelectSelector
Watching for file changes with StatReloader
Not Found: /favicon.ico
Recipe ID: 1, Recipe ID type: <class 'int'>, Name: rasagulla
Recipe ID: 2, Recipe ID type: <class 'int'>, Name: rasagulla
Recipe ID: 3, Recipe ID type: <class 'int'>, Name: Rasagulla
Recipe ID: 4, Recipe ID type: <class 'int'>, Name: fgfdgfd
Recipe ID: 5, Recipe ID type: <class 'int'>, Name: Milk Dosa
Recipe ID: 8, Recipe ID type: <class 'int'>, Name: Cutlet..chumma enthellum kodukku ad
Recipe ID: 9, Recipe ID type: <class 'int'>, Name: Barfi
Recipe ID: 10, Recipe ID type: <class 'int'>, Name: Barfi
POST data: <QueryDict: {'csrfmiddlewaretoken': ['lDzzyhAHO3CCTaaebcuh5ulz7b0e8UH3XWZu4wjVuoGwadRvq5EoeyevdbJ3EfiB'], 'recipename': ['Motta Adai'], 'category': ['2'], 'ingredient_1': ['6'], 'ingredient_name_1': ['Chana Dal'], 'quantity_1': ['0.02'], 'measurement_1': ['cup'], 'ingredient_2': ['5'], 'ingredient_name_2': ['Rice'], 'quantity_2': ['2'], 'measurement_2': ['cup'], 'ingredient_3': ['7'], 'ingredient_name_3': ['Toor Dal'], 'quantity_3': ['0.03'], 'measurement_3': ['cup'], 'ingredient_4': ['15'], 'ingredient_name_4': ['Salt'], 'quantity_4': ['0.01'], 'measurement_4': ['tsp'], 'ingredient_5': ['8'], 'ingredient_name_5': ['Urad Dal'], 'quantity_5': ['0.02'], 'measurement_5': ['cup'], 'ingredient_6': ['9'], 'ingredient_name_6': ['Eggs'], 'quantity_6': ['2'], 'measurement_6': ['piece'], 'ingredient_7': ['11'], 'ingredient_name_7': ['Green chillies'], 'quantity_7': ['0.01'], 'measurement_7': ['g'], 'ingredient_8': ['13'], 'ingredient_name_8': ['Ginger'], 'quantity_8': ['-0.01'], 'measurement_8': ['g'], 'ingredient_9': ['14'], 'ingredient_name_9': ['Oil'], 'quantity_9': ['0.01'], 'measurement_9': ['g'], 'ingredient_10': ['12'], 'ingredient_name_10': ['Cumin Seeds'], 'quantity_10': ['0.01'], 'measurement_10': ['g'], 'ingredient_11': ['16'], 'ingredient_name_11': ['Water'], 'quantity_11': ['1'], 'measurement_11': ['tsp'], 'ingredient_12': ['17'], 'ingredient_name_12': ['Coriander Leaves'], 'quantity_12': ['0.02'], 'measurement_12': ['tsp'], 'instructions_1': ['Rinse and soak the rice, chana dal, toor dal, and urad dal in water for about 2-3 hours.'], 'instructions_2': ['Drain the water and grind the soaked rice and dals together into a coarse batter using a little water. The consistency should be similar to dosa batter (thick but pourable).Add salt to the batter and mix well.'], 'instructions_3': ['To the batter, add the chopped onions, green chilies, curry leaves, cumin seeds, and chopped ginger. Stir well.'], 'instructions_4': ['Break the eggs into the batter and mix thoroughly. If you prefer, you can beat the eggs separately before adding them to the batter.'], 'instructions_5': ['Heat a tawa (griddle) or a non-stick pan over medium heat and drizzle a little oil on it.'], 'instructions_6': ['Pour a ladleful of batter onto the pan and spread it into a circular shape (like a thick dosa or pancake).Drizzle a little oil around the edges of the adai.'], 'instructions_7': ['Cook on medium heat for about 2-3 minutes until the bottom turns golden brown. Flip the adai and cook the other side for another 1-2 minutes until cooked through.'], 'instructions_8': ['Serve the Muttai Adai hot with chutney, sambar, or yogurt.'], 'tags': ['savory South Indian dish, Healthy, High-Protein, Breakfast']}>
FILES data: <MultiValueDict: {'image': [<InMemoryUploadedFile: mutta_adai.jpg (image/jpeg)>]}>
Parsed data: recipename=Motta Adai, category_id=2, tags=savory South Indian dish, Healthy, High-Protein, Breakfast, image=mutta_adai.jpg, instructions=Rinse and soak the rice, chana dal, toor dal, and ...
Created recipe with ID: 11
Added ingredient: 6, quantity: 0.02, measurement: cup
Added ingredient: 5, quantity: 2, measurement: cup
Added ingredient: 7, quantity: 0.03, measurement: cup
Added ingredient: 15, quantity: 0.01, measurement: tsp
Added ingredient: 8, quantity: 0.02, measurement: cup
Added ingredient: 9, quantity: 2, measurement: piece
Added ingredient: 11, quantity: 0.01, measurement: g
Added ingredient: 13, quantity: -0.01, measurement: g
Added ingredient: 14, quantity: 0.01, measurement: g
Added ingredient: 12, quantity: 0.01, measurement: g
Added ingredient: 16, quantity: 1, measurement: tsp
Added ingredient: 17, quantity: 0.02, measurement: tsp
Recipe ID: 1, Recipe ID type: <class 'int'>, Name: rasagulla
Recipe ID: 2, Recipe ID type: <class 'int'>, Name: rasagulla
Recipe ID: 3, Recipe ID type: <class 'int'>, Name: Rasagulla
Recipe ID: 4, Recipe ID type: <class 'int'>, Name: fgfdgfd
Recipe ID: 5, Recipe ID type: <class 'int'>, Name: Milk Dosa
Recipe ID: 8, Recipe ID type: <class 'int'>, Name: Cutlet..chumma enthellum kodukku ad
Recipe ID: 9, Recipe ID type: <class 'int'>, Name: Barfi
Recipe ID: 10, Recipe ID type: <class 'int'>, Name: Barfi
Recipe ID: 11, Recipe ID type: <class 'int'>, Name: Motta Adai
Recipe ID: 1, Recipe ID type: <class 'int'>, Name: rasagulla
Recipe ID: 2, Recipe ID type: <class 'int'>, Name: rasagulla
Recipe ID: 3, Recipe ID type: <class 'int'>, Name: Rasagulla
Recipe ID: 4, Recipe ID type: <class 'int'>, Name: fgfdgfd
Recipe ID: 5, Recipe ID type: <class 'int'>, Name: Milk Dosa
Recipe ID: 8, Recipe ID type: <class 'int'>, Name: Cutlet..chumma enthellum kodukku ad
Recipe ID: 9, Recipe ID type: <class 'int'>, Name: Barfi
Recipe ID: 10, Recipe ID type: <class 'int'>, Name: Barfi
Recipe ID: 11, Recipe ID type: <class 'int'>, Name: Motta Adai
Using selector: SelectSelector
Using selector: SelectSelector
Watching for file changes with StatReloader
Not Found: /favicon.ico
Recipe ID: 1, Recipe ID type: <class 'int'>, Name: rasagulla
Recipe ID: 2, Recipe ID type: <class 'int'>, Name: rasagulla
Recipe ID: 3, Recipe ID type: <class 'int'>, Name: Rasagulla
Recipe ID: 4, Recipe ID type: <class 'int'>, Name: fgfdgfd
Recipe ID: 5, Recipe ID type: <class 'int'>, Name: Milk Dosa
Recipe ID: 8, Recipe ID type: <class 'int'>, Name: Cutlet..chumma enthellum kodukku ad
Recipe ID: 9, Recipe ID type: <class 'int'>, Name: Barfi
Recipe ID: 10, Recipe ID type: <class 'int'>, Name: Barfi
Recipe ID: 11, Recipe ID type: <class 'int'>, Name: Motta Adai
Internal Server Error: /recipe_manager_dashboard/
Traceback (most recent call last):
  File "D:\MINI_PROJECT\projectenv\lib\site-packages\django\core\handlers\exception.py", line 47, in inner
    response = get_response(request)
  File "D:\MINI_PROJECT\projectenv\lib\site-packages\django\core\handlers\base.py", line 181, in _get_response
    response = wrapped_callback(request, *callback_args, **callback_kwargs)
  File "D:\MINI_PROJECT\recipe_sharing_platform\recipe\views.py", line 319, in recipe_manager_dashboard
    return render(request, 'recipe_manager_dashboard.html',context)
  File "D:\MINI_PROJECT\projectenv\lib\site-packages\django\shortcuts.py", line 19, in render
    content = loader.render_to_string(template_name, context, request, using=using)
  File "D:\MINI_PROJECT\projectenv\lib\site-packages\django\template\loader.py", line 62, in render_to_string
    return template.render(context, request)
  File "D:\MINI_PROJECT\projectenv\lib\site-packages\django\template\backends\django.py", line 61, in render
    return self.template.render(context)
  File "D:\MINI_PROJECT\projectenv\lib\site-packages\django\template\base.py", line 170, in render
    return self._render(context)
  File "D:\MINI_PROJECT\projectenv\lib\site-packages\django\template\base.py", line 162, in _render
    return self.nodelist.render(context)
  File "D:\MINI_PROJECT\projectenv\lib\site-packages\django\template\base.py", line 938, in render
    bit = node.render_annotated(context)
  File "D:\MINI_PROJECT\projectenv\lib\site-packages\django\template\base.py", line 905, in render_annotated
    return self.render(context)
  File "D:\MINI_PROJECT\projectenv\lib\site-packages\django\template\defaulttags.py", line 214, in render
    nodelist.append(node.render_annotated(context))
  File "D:\MINI_PROJECT\projectenv\lib\site-packages\django\template\base.py", line 905, in render_annotated
    return self.render(context)
  File "D:\MINI_PROJECT\projectenv\lib\site-packages\django\template\defaulttags.py", line 449, in render
    url = reverse(view_name, args=args, kwargs=kwargs, current_app=current_app)
  File "D:\MINI_PROJECT\projectenv\lib\site-packages\django\urls\base.py", line 86, in reverse
    return resolver._reverse_with_prefix(view, prefix, *args, **kwargs)
  File "D:\MINI_PROJECT\projectenv\lib\site-packages\django\urls\resolvers.py", line 698, in _reverse_with_prefix
    raise NoReverseMatch(msg)
django.urls.exceptions.NoReverseMatch: Reverse for 'edit_recipe' with arguments '('',)' not found. 1 pattern(s) tried: ['edit_recipe\\/(?P<recipe_id>[0-9]+)\\/\\Z']
D:\MINI_PROJECT\recipe_sharing_platform\recipe\urls.py changed, reloading.
Using selector: SelectSelector
Watching for file changes with StatReloader
D:\MINI_PROJECT\recipe_sharing_platform\recipe\urls.py changed, reloading.
Using selector: SelectSelector
Watching for file changes with StatReloader
Recipe ID: 10, Recipe ID type: <class 'int'>, Name: Barfi
Recipe ID: 11, Recipe ID type: <class 'int'>, Name: Motta Adai
Internal Server Error: /recipe_manager_dashboard/
Traceback (most recent call last):
  File "D:\MINI_PROJECT\projectenv\lib\site-packages\django\core\handlers\exception.py", line 47, in inner
    response = get_response(request)
  File "D:\MINI_PROJECT\projectenv\lib\site-packages\django\core\handlers\base.py", line 181, in _get_response
    response = wrapped_callback(request, *callback_args, **callback_kwargs)
  File "D:\MINI_PROJECT\recipe_sharing_platform\recipe\views.py", line 319, in recipe_manager_dashboard
    return render(request, 'recipe_manager_dashboard.html',context)
  File "D:\MINI_PROJECT\projectenv\lib\site-packages\django\shortcuts.py", line 19, in render
    content = loader.render_to_string(template_name, context, request, using=using)
  File "D:\MINI_PROJECT\projectenv\lib\site-packages\django\template\loader.py", line 62, in render_to_string
    return template.render(context, request)
  File "D:\MINI_PROJECT\projectenv\lib\site-packages\django\template\backends\django.py", line 61, in render
    return self.template.render(context)
  File "D:\MINI_PROJECT\projectenv\lib\site-packages\django\template\base.py", line 170, in render
    return self._render(context)
  File "D:\MINI_PROJECT\projectenv\lib\site-packages\django\template\base.py", line 162, in _render
    return self.nodelist.render(context)
  File "D:\MINI_PROJECT\projectenv\lib\site-packages\django\template\base.py", line 938, in render
    bit = node.render_annotated(context)
  File "D:\MINI_PROJECT\projectenv\lib\site-packages\django\template\base.py", line 905, in render_annotated
    return self.render(context)
  File "D:\MINI_PROJECT\projectenv\lib\site-packages\django\template\defaulttags.py", line 449, in render
    url = reverse(view_name, args=args, kwargs=kwargs, current_app=current_app)
  File "D:\MINI_PROJECT\projectenv\lib\site-packages\django\urls\base.py", line 86, in reverse
    return resolver._reverse_with_prefix(view, prefix, *args, **kwargs)
  File "D:\MINI_PROJECT\projectenv\lib\site-packages\django\urls\resolvers.py", line 698, in _reverse_with_prefix
    raise NoReverseMatch(msg)
django.urls.exceptions.NoReverseMatch: Reverse for 'substitution_list' not found. 'substitution_list' is not a valid view function or pattern name.
Internal Server Error: /recipe_manager_dashboard/
Traceback (most recent call last):
  File "D:\MINI_PROJECT\projectenv\lib\site-packages\django\core\handlers\exception.py", line 47, in inner
    response = get_response(request)
  File "D:\MINI_PROJECT\projectenv\lib\site-packages\django\core\handlers\base.py", line 181, in _get_response
    response = wrapped_callback(request, *callback_args, **callback_kwargs)
  File "D:\MINI_PROJECT\recipe_sharing_platform\recipe\views.py", line 319, in recipe_manager_dashboard
    return render(request, 'recipe_manager_dashboard.html',context)
  File "D:\MINI_PROJECT\projectenv\lib\site-packages\django\shortcuts.py", line 19, in render
    content = loader.render_to_string(template_name, context, request, using=using)
  File "D:\MINI_PROJECT\projectenv\lib\site-packages\django\template\loader.py", line 62, in render_to_string
    return template.render(context, request)
  File "D:\MINI_PROJECT\projectenv\lib\site-packages\django\template\backends\django.py", line 61, in render
    return self.template.render(context)
  File "D:\MINI_PROJECT\projectenv\lib\site-packages\django\template\base.py", line 170, in render
    return self._render(context)
  File "D:\MINI_PROJECT\projectenv\lib\site-packages\django\template\base.py", line 162, in _render
    return self.nodelist.render(context)
  File "D:\MINI_PROJECT\projectenv\lib\site-packages\django\template\base.py", line 938, in render
    bit = node.render_annotated(context)
  File "D:\MINI_PROJECT\projectenv\lib\site-packages\django\template\base.py", line 905, in render_annotated
    return self.render(context)
  File "D:\MINI_PROJECT\projectenv\lib\site-packages\django\template\defaulttags.py", line 449, in render
    url = reverse(view_name, args=args, kwargs=kwargs, current_app=current_app)
  File "D:\MINI_PROJECT\projectenv\lib\site-packages\django\urls\base.py", line 86, in reverse
    return resolver._reverse_with_prefix(view, prefix, *args, **kwargs)
  File "D:\MINI_PROJECT\projectenv\lib\site-packages\django\urls\resolvers.py", line 698, in _reverse_with_prefix
    raise NoReverseMatch(msg)
django.urls.exceptions.NoReverseMatch: Reverse for 'nutrition_list' not found. 'nutrition_list' is not a valid view function or pattern name.
Internal Server Error: /recipe_manager_dashboard/
Traceback (most recent call last):
  File "D:\MINI_PROJECT\projectenv\lib\site-packages\django\core\handlers\exception.py", line 47, in inner
    response = get_response(request)
  File "D:\MINI_PROJECT\projectenv\lib\site-packages\django\core\handlers\base.py", line 181, in _get_response
    response = wrapped_callback(request, *callback_args, **callback_kwargs)
  File "D:\MINI_PROJECT\recipe_sharing_platform\recipe\views.py", line 319, in recipe_manager_dashboard
    return render(request, 'recipe_manager_dashboard.html',context)
  File "D:\MINI_PROJECT\projectenv\lib\site-packages\django\shortcuts.py", line 19, in render
    content = loader.render_to_string(template_name, context, request, using=using)
  File "D:\MINI_PROJECT\projectenv\lib\site-packages\django\template\loader.py", line 62, in render_to_string
    return template.render(context, request)
  File "D:\MINI_PROJECT\projectenv\lib\site-packages\django\template\backends\django.py", line 61, in render
    return self.template.render(context)
  File "D:\MINI_PROJECT\projectenv\lib\site-packages\django\template\base.py", line 170, in render
    return self._render(context)
  File "D:\MINI_PROJECT\projectenv\lib\site-packages\django\template\base.py", line 162, in _render
    return self.nodelist.render(context)
  File "D:\MINI_PROJECT\projectenv\lib\site-packages\django\template\base.py", line 938, in render
    bit = node.render_annotated(context)
  File "D:\MINI_PROJECT\projectenv\lib\site-packages\django\template\base.py", line 905, in render_annotated
    return self.render(context)
  File "D:\MINI_PROJECT\projectenv\lib\site-packages\django\template\defaulttags.py", line 449, in render
    url = reverse(view_name, args=args, kwargs=kwargs, current_app=current_app)
  File "D:\MINI_PROJECT\projectenv\lib\site-packages\django\urls\base.py", line 86, in reverse
    return resolver._reverse_with_prefix(view, prefix, *args, **kwargs)
  File "D:\MINI_PROJECT\projectenv\lib\site-packages\django\urls\resolvers.py", line 698, in _reverse_with_prefix
    raise NoReverseMatch(msg)
django.urls.exceptions.NoReverseMatch: Reverse for '' not found. '' is not a valid view function or pattern name.
Internal Server Error: /ingredients/
Traceback (most recent call last):
  File "D:\MINI_PROJECT\projectenv\lib\site-packages\django\template\base.py", line 470, in parse
    compile_func = self.tags[command]
KeyError: 'endcomment'

During handling of the above exception, another exception occurred:

Traceback (most recent call last):
  File "D:\MINI_PROJECT\projectenv\lib\site-packages\django\core\handlers\exception.py", line 47, in inner
    response = get_response(request)
  File "D:\MINI_PROJECT\projectenv\lib\site-packages\django\core\handlers\base.py", line 181, in _get_response
    response = wrapped_callback(request, *callback_args, **callback_kwargs)
  File "D:\MINI_PROJECT\recipe_sharing_platform\recipe\views.py", line 384, in ingredient_list
    return render(request, 'ingredient_list.html', {'ingredients': ingredients})
  File "D:\MINI_PROJECT\projectenv\lib\site-packages\django\shortcuts.py", line 19, in render
    content = loader.render_to_string(template_name, context, request, using=using)
  File "D:\MINI_PROJECT\projectenv\lib\site-packages\django\template\loader.py", line 61, in render_to_string
    template = get_template(template_name, using=using)
  File "D:\MINI_PROJECT\projectenv\lib\site-packages\django\template\loader.py", line 15, in get_template
    return engine.get_template(template_name)
  File "D:\MINI_PROJECT\projectenv\lib\site-packages\django\template\backends\django.py", line 34, in get_template
    return Template(self.engine.get_template(template_name), self)
  File "D:\MINI_PROJECT\projectenv\lib\site-packages\django\template\engine.py", line 143, in get_template
    template, origin = self.find_template(template_name)
  File "D:\MINI_PROJECT\projectenv\lib\site-packages\django\template\engine.py", line 125, in find_template
    template = loader.get_template(name, skip=skip)
  File "D:\MINI_PROJECT\projectenv\lib\site-packages\django\template\loaders\base.py", line 30, in get_template
    contents, origin, origin.template_name, self.engine,
  File "D:\MINI_PROJECT\projectenv\lib\site-packages\django\template\base.py", line 155, in __init__
    self.nodelist = self.compile_nodelist()
  File "D:\MINI_PROJECT\projectenv\lib\site-packages\django\template\base.py", line 193, in compile_nodelist
    return parser.parse()
  File "D:\MINI_PROJECT\projectenv\lib\site-packages\django\template\base.py", line 472, in parse
    self.invalid_block_tag(token, command, parse_until)
  File "D:\MINI_PROJECT\projectenv\lib\site-packages\django\template\base.py", line 534, in invalid_block_tag
    "or load this tag?" % (token.lineno, command)
django.template.exceptions.TemplateSyntaxError: Invalid block tag on line 39: 'endcomment'. Did you forget to register or load this tag?
Internal Server Error: /ingredients/
Traceback (most recent call last):
  File "D:\MINI_PROJECT\projectenv\lib\site-packages\django\template\base.py", line 470, in parse
    compile_func = self.tags[command]
KeyError: 'endcomment'

During handling of the above exception, another exception occurred:

Traceback (most recent call last):
  File "D:\MINI_PROJECT\projectenv\lib\site-packages\django\core\handlers\exception.py", line 47, in inner
    response = get_response(request)
  File "D:\MINI_PROJECT\projectenv\lib\site-packages\django\core\handlers\base.py", line 181, in _get_response
    response = wrapped_callback(request, *callback_args, **callback_kwargs)
  File "D:\MINI_PROJECT\recipe_sharing_platform\recipe\views.py", line 384, in ingredient_list
    return render(request, 'ingredient_list.html', {'ingredients': ingredients})
  File "D:\MINI_PROJECT\projectenv\lib\site-packages\django\shortcuts.py", line 19, in render
    content = loader.render_to_string(template_name, context, request, using=using)
  File "D:\MINI_PROJECT\projectenv\lib\site-packages\django\template\loader.py", line 61, in render_to_string
    template = get_template(template_name, using=using)
  File "D:\MINI_PROJECT\projectenv\lib\site-packages\django\template\loader.py", line 15, in get_template
    return engine.get_template(template_name)
  File "D:\MINI_PROJECT\projectenv\lib\site-packages\django\template\backends\django.py", line 34, in get_template
    return Template(self.engine.get_template(template_name), self)
  File "D:\MINI_PROJECT\projectenv\lib\site-packages\django\template\engine.py", line 143, in get_template
    template, origin = self.find_template(template_name)
  File "D:\MINI_PROJECT\projectenv\lib\site-packages\django\template\engine.py", line 125, in find_template
    template = loader.get_template(name, skip=skip)
  File "D:\MINI_PROJECT\projectenv\lib\site-packages\django\template\loaders\base.py", line 30, in get_template
    contents, origin, origin.template_name, self.engine,
  File "D:\MINI_PROJECT\projectenv\lib\site-packages\django\template\base.py", line 155, in __init__
    self.nodelist = self.compile_nodelist()
  File "D:\MINI_PROJECT\projectenv\lib\site-packages\django\template\base.py", line 193, in compile_nodelist
    return parser.parse()
  File "D:\MINI_PROJECT\projectenv\lib\site-packages\django\template\base.py", line 472, in parse
    self.invalid_block_tag(token, command, parse_until)
  File "D:\MINI_PROJECT\projectenv\lib\site-packages\django\template\base.py", line 534, in invalid_block_tag
    "or load this tag?" % (token.lineno, command)
django.template.exceptions.TemplateSyntaxError: Invalid block tag on line 39: 'endcomment'. Did you forget to register or load this tag?
Internal Server Error: /ingredients/
Traceback (most recent call last):
  File "D:\MINI_PROJECT\projectenv\lib\site-packages\django\template\base.py", line 470, in parse
    compile_func = self.tags[command]
KeyError: 'endcomment'

During handling of the above exception, another exception occurred:

Traceback (most recent call last):
  File "D:\MINI_PROJECT\projectenv\lib\site-packages\django\core\handlers\exception.py", line 47, in inner
    response = get_response(request)
  File "D:\MINI_PROJECT\projectenv\lib\site-packages\django\core\handlers\base.py", line 181, in _get_response
    response = wrapped_callback(request, *callback_args, **callback_kwargs)
  File "D:\MINI_PROJECT\recipe_sharing_platform\recipe\views.py", line 384, in ingredient_list
    return render(request, 'ingredient_list.html', {'ingredients': ingredients})
  File "D:\MINI_PROJECT\projectenv\lib\site-packages\django\shortcuts.py", line 19, in render
    content = loader.render_to_string(template_name, context, request, using=using)
  File "D:\MINI_PROJECT\projectenv\lib\site-packages\django\template\loader.py", line 61, in render_to_string
    template = get_template(template_name, using=using)
  File "D:\MINI_PROJECT\projectenv\lib\site-packages\django\template\loader.py", line 15, in get_template
    return engine.get_template(template_name)
  File "D:\MINI_PROJECT\projectenv\lib\site-packages\django\template\backends\django.py", line 34, in get_template
    return Template(self.engine.get_template(template_name), self)
  File "D:\MINI_PROJECT\projectenv\lib\site-packages\django\template\engine.py", line 143, in get_template
    template, origin = self.find_template(template_name)
  File "D:\MINI_PROJECT\projectenv\lib\site-packages\django\template\engine.py", line 125, in find_template
    template = loader.get_template(name, skip=skip)
  File "D:\MINI_PROJECT\projectenv\lib\site-packages\django\template\loaders\base.py", line 30, in get_template
    contents, origin, origin.template_name, self.engine,
  File "D:\MINI_PROJECT\projectenv\lib\site-packages\django\template\base.py", line 155, in __init__
    self.nodelist = self.compile_nodelist()
  File "D:\MINI_PROJECT\projectenv\lib\site-packages\django\template\base.py", line 193, in compile_nodelist
    return parser.parse()
  File "D:\MINI_PROJECT\projectenv\lib\site-packages\django\template\base.py", line 472, in parse
    self.invalid_block_tag(token, command, parse_until)
  File "D:\MINI_PROJECT\projectenv\lib\site-packages\django\template\base.py", line 534, in invalid_block_tag
    "or load this tag?" % (token.lineno, command)
django.template.exceptions.TemplateSyntaxError: Invalid block tag on line 39: 'endcomment'. Did you forget to register or load this tag?
Internal Server Error: /ingredients/
Traceback (most recent call last):
  File "D:\MINI_PROJECT\projectenv\lib\site-packages\django\core\handlers\exception.py", line 47, in inner
    response = get_response(request)
  File "D:\MINI_PROJECT\projectenv\lib\site-packages\django\core\handlers\base.py", line 181, in _get_response
    response = wrapped_callback(request, *callback_args, **callback_kwargs)
  File "D:\MINI_PROJECT\recipe_sharing_platform\recipe\views.py", line 384, in ingredient_list
    return render(request, 'ingredient_list.html', {'ingredients': ingredients})
  File "D:\MINI_PROJECT\projectenv\lib\site-packages\django\shortcuts.py", line 19, in render
    content = loader.render_to_string(template_name, context, request, using=using)
  File "D:\MINI_PROJECT\projectenv\lib\site-packages\django\template\loader.py", line 62, in render_to_string
    return template.render(context, request)
  File "D:\MINI_PROJECT\projectenv\lib\site-packages\django\template\backends\django.py", line 61, in render
    return self.template.render(context)
  File "D:\MINI_PROJECT\projectenv\lib\site-packages\django\template\base.py", line 170, in render
    return self._render(context)
  File "D:\MINI_PROJECT\projectenv\lib\site-packages\django\template\base.py", line 162, in _render
    return self.nodelist.render(context)
  File "D:\MINI_PROJECT\projectenv\lib\site-packages\django\template\base.py", line 938, in render
    bit = node.render_annotated(context)
  File "D:\MINI_PROJECT\projectenv\lib\site-packages\django\template\base.py", line 905, in render_annotated
    return self.render(context)
  File "D:\MINI_PROJECT\projectenv\lib\site-packages\django\template\defaulttags.py", line 214, in render
    nodelist.append(node.render_annotated(context))
  File "D:\MINI_PROJECT\projectenv\lib\site-packages\django\template\base.py", line 905, in render_annotated
    return self.render(context)
  File "D:\MINI_PROJECT\projectenv\lib\site-packages\django\template\defaulttags.py", line 449, in render
    url = reverse(view_name, args=args, kwargs=kwargs, current_app=current_app)
  File "D:\MINI_PROJECT\projectenv\lib\site-packages\django\urls\base.py", line 86, in reverse
    return resolver._reverse_with_prefix(view, prefix, *args, **kwargs)
  File "D:\MINI_PROJECT\projectenv\lib\site-packages\django\urls\resolvers.py", line 698, in _reverse_with_prefix
    raise NoReverseMatch(msg)
django.urls.exceptions.NoReverseMatch: Reverse for 'edit_ingredient' not found. 'edit_ingredient' is not a valid view function or pattern name.
D:\MINI_PROJECT\recipe_sharing_platform\recipe\views.py changed, reloading.
Using selector: SelectSelector
Watching for file changes with StatReloader
Using selector: SelectSelector
Using selector: SelectSelector
Watching for file changes with StatReloader
Not Found: /favicon.ico
Recipe ID: 10, Recipe ID type: <class 'int'>, Name: Barfi
Recipe ID: 11, Recipe ID type: <class 'int'>, Name: Motta Adai
Internal Server Error: /ingredients/
Traceback (most recent call last):
  File "D:\MINI_PROJECT\projectenv\lib\site-packages\django\core\handlers\exception.py", line 47, in inner
    response = get_response(request)
  File "D:\MINI_PROJECT\projectenv\lib\site-packages\django\core\handlers\base.py", line 181, in _get_response
    response = wrapped_callback(request, *callback_args, **callback_kwargs)
  File "D:\MINI_PROJECT\recipe_sharing_platform\recipe\views.py", line 384, in ingredient_list
    return render(request, 'ingredient_list.html', {'ingredients': ingredients})
  File "D:\MINI_PROJECT\projectenv\lib\site-packages\django\shortcuts.py", line 19, in render
    content = loader.render_to_string(template_name, context, request, using=using)
  File "D:\MINI_PROJECT\projectenv\lib\site-packages\django\template\loader.py", line 62, in render_to_string
    return template.render(context, request)
  File "D:\MINI_PROJECT\projectenv\lib\site-packages\django\template\backends\django.py", line 61, in render
    return self.template.render(context)
  File "D:\MINI_PROJECT\projectenv\lib\site-packages\django\template\base.py", line 170, in render
    return self._render(context)
  File "D:\MINI_PROJECT\projectenv\lib\site-packages\django\template\base.py", line 162, in _render
    return self.nodelist.render(context)
  File "D:\MINI_PROJECT\projectenv\lib\site-packages\django\template\base.py", line 938, in render
    bit = node.render_annotated(context)
  File "D:\MINI_PROJECT\projectenv\lib\site-packages\django\template\base.py", line 905, in render_annotated
    return self.render(context)
  File "D:\MINI_PROJECT\projectenv\lib\site-packages\django\template\defaulttags.py", line 214, in render
    nodelist.append(node.render_annotated(context))
  File "D:\MINI_PROJECT\projectenv\lib\site-packages\django\template\base.py", line 905, in render_annotated
    return self.render(context)
  File "D:\MINI_PROJECT\projectenv\lib\site-packages\django\template\defaulttags.py", line 449, in render
    url = reverse(view_name, args=args, kwargs=kwargs, current_app=current_app)
  File "D:\MINI_PROJECT\projectenv\lib\site-packages\django\urls\base.py", line 86, in reverse
    return resolver._reverse_with_prefix(view, prefix, *args, **kwargs)
  File "D:\MINI_PROJECT\projectenv\lib\site-packages\django\urls\resolvers.py", line 698, in _reverse_with_prefix
    raise NoReverseMatch(msg)
django.urls.exceptions.NoReverseMatch: Reverse for 'edit_ingredient' not found. 'edit_ingredient' is not a valid view function or pattern name.
D:\MINI_PROJECT\recipe_sharing_platform\recipe\urls.py changed, reloading.
Using selector: SelectSelector
Watching for file changes with StatReloader
D:\MINI_PROJECT\recipe_sharing_platform\recipe\urls.py changed, reloading.
Using selector: SelectSelector
Watching for file changes with StatReloader
D:\MINI_PROJECT\recipe_sharing_platform\recipe\urls.py changed, reloading.
Using selector: SelectSelector
Watching for file changes with StatReloader
D:\MINI_PROJECT\recipe_sharing_platform\recipe\urls.py changed, reloading.
Using selector: SelectSelector
Watching for file changes with StatReloader
D:\MINI_PROJECT\recipe_sharing_platform\recipe\urls.py changed, reloading.
Using selector: SelectSelector
Watching for file changes with StatReloader
D:\MINI_PROJECT\recipe_sharing_platform\recipe\urls.py changed, reloading.
Using selector: SelectSelector
Watching for file changes with StatReloader
D:\MINI_PROJECT\recipe_sharing_platform\recipe\urls.py changed, reloading.
Using selector: SelectSelector
Watching for file changes with StatReloader
D:\MINI_PROJECT\recipe_sharing_platform\recipe\views.py changed, reloading.
Using selector: SelectSelector
Watching for file changes with StatReloader
D:\MINI_PROJECT\recipe_sharing_platform\recipe\urls.py changed, reloading.
Using selector: SelectSelector
Watching for file changes with StatReloader
D:\MINI_PROJECT\recipe_sharing_platform\recipe\views.py changed, reloading.
Using selector: SelectSelector
Watching for file changes with StatReloader
D:\MINI_PROJECT\recipe_sharing_platform\recipe\urls.py changed, reloading.
Using selector: SelectSelector
Watching for file changes with StatReloader
Using selector: SelectSelector
Using selector: SelectSelector
Watching for file changes with StatReloader
Recipe ID: 10, Recipe ID type: <class 'int'>, Name: Barfi
Recipe ID: 11, Recipe ID type: <class 'int'>, Name: Motta Adai
Internal Server Error: /ingredients/
Traceback (most recent call last):
  File "D:\MINI_PROJECT\projectenv\lib\site-packages\django\core\handlers\exception.py", line 47, in inner
    response = get_response(request)
  File "D:\MINI_PROJECT\projectenv\lib\site-packages\django\core\handlers\base.py", line 181, in _get_response
    response = wrapped_callback(request, *callback_args, **callback_kwargs)
  File "D:\MINI_PROJECT\recipe_sharing_platform\recipe\views.py", line 384, in ingredient_list
    return render(request, 'ingredient_list.html', {'ingredients': ingredients})
  File "D:\MINI_PROJECT\projectenv\lib\site-packages\django\shortcuts.py", line 19, in render
    content = loader.render_to_string(template_name, context, request, using=using)
  File "D:\MINI_PROJECT\projectenv\lib\site-packages\django\template\loader.py", line 62, in render_to_string
    return template.render(context, request)
  File "D:\MINI_PROJECT\projectenv\lib\site-packages\django\template\backends\django.py", line 61, in render
    return self.template.render(context)
  File "D:\MINI_PROJECT\projectenv\lib\site-packages\django\template\base.py", line 170, in render
    return self._render(context)
  File "D:\MINI_PROJECT\projectenv\lib\site-packages\django\template\base.py", line 162, in _render
    return self.nodelist.render(context)
  File "D:\MINI_PROJECT\projectenv\lib\site-packages\django\template\base.py", line 938, in render
    bit = node.render_annotated(context)
  File "D:\MINI_PROJECT\projectenv\lib\site-packages\django\template\base.py", line 905, in render_annotated
    return self.render(context)
  File "D:\MINI_PROJECT\projectenv\lib\site-packages\django\template\defaulttags.py", line 214, in render
    nodelist.append(node.render_annotated(context))
  File "D:\MINI_PROJECT\projectenv\lib\site-packages\django\template\base.py", line 905, in render_annotated
    return self.render(context)
  File "D:\MINI_PROJECT\projectenv\lib\site-packages\django\template\defaulttags.py", line 449, in render
    url = reverse(view_name, args=args, kwargs=kwargs, current_app=current_app)
  File "D:\MINI_PROJECT\projectenv\lib\site-packages\django\urls\base.py", line 86, in reverse
    return resolver._reverse_with_prefix(view, prefix, *args, **kwargs)
  File "D:\MINI_PROJECT\projectenv\lib\site-packages\django\urls\resolvers.py", line 698, in _reverse_with_prefix
    raise NoReverseMatch(msg)
django.urls.exceptions.NoReverseMatch: Reverse for 'edit_ingredient' with arguments '('',)' not found. 1 pattern(s) tried: ['ingredients\\/edit\\/(?P<ingredient_id>[0-9]+)\\/\\Z']
Internal Server Error: /ingredients/edit/1/
Traceback (most recent call last):
  File "D:\MINI_PROJECT\projectenv\lib\site-packages\django\core\handlers\exception.py", line 47, in inner
    response = get_response(request)
  File "D:\MINI_PROJECT\projectenv\lib\site-packages\django\core\handlers\base.py", line 181, in _get_response
    response = wrapped_callback(request, *callback_args, **callback_kwargs)
  File "D:\MINI_PROJECT\recipe_sharing_platform\recipe\views.py", line 404, in edit_ingredient
    ingredient = Ingredient.objects.get(id=ingredient_id)
  File "D:\MINI_PROJECT\projectenv\lib\site-packages\django\db\models\manager.py", line 85, in manager_method
    return getattr(self.get_queryset(), name)(*args, **kwargs)
  File "D:\MINI_PROJECT\projectenv\lib\site-packages\django\db\models\query.py", line 424, in get
    clone = self._chain() if self.query.combinator else self.filter(*args, **kwargs)
  File "D:\MINI_PROJECT\projectenv\lib\site-packages\django\db\models\query.py", line 941, in filter
    return self._filter_or_exclude(False, args, kwargs)
  File "D:\MINI_PROJECT\projectenv\lib\site-packages\django\db\models\query.py", line 961, in _filter_or_exclude
    clone._filter_or_exclude_inplace(negate, args, kwargs)
  File "D:\MINI_PROJECT\projectenv\lib\site-packages\django\db\models\query.py", line 968, in _filter_or_exclude_inplace
    self._query.add_q(Q(*args, **kwargs))
  File "D:\MINI_PROJECT\projectenv\lib\site-packages\django\db\models\sql\query.py", line 1416, in add_q
    clause, _ = self._add_q(q_object, self.used_aliases)
  File "D:\MINI_PROJECT\projectenv\lib\site-packages\django\db\models\sql\query.py", line 1438, in _add_q
    split_subq=split_subq, check_filterable=check_filterable,
  File "D:\MINI_PROJECT\projectenv\lib\site-packages\django\db\models\sql\query.py", line 1309, in build_filter
    lookups, parts, reffed_expression = self.solve_lookup_type(arg)
  File "D:\MINI_PROJECT\projectenv\lib\site-packages\django\db\models\sql\query.py", line 1135, in solve_lookup_type
    _, field, _, lookup_parts = self.names_to_path(lookup_splitted, self.get_meta())
  File "D:\MINI_PROJECT\projectenv\lib\site-packages\django\db\models\sql\query.py", line 1563, in names_to_path
    "Choices are: %s" % (name, ", ".join(available)))
django.core.exceptions.FieldError: Cannot resolve keyword 'id' into field. Choices are: category_id, ingredient_id, name, recipe, recipeingredient, substitutions
Internal Server Error: /ingredients/delete/1/
Traceback (most recent call last):
  File "D:\MINI_PROJECT\projectenv\lib\site-packages\django\core\handlers\exception.py", line 47, in inner
    response = get_response(request)
  File "D:\MINI_PROJECT\projectenv\lib\site-packages\django\core\handlers\base.py", line 181, in _get_response
    response = wrapped_callback(request, *callback_args, **callback_kwargs)
  File "D:\MINI_PROJECT\recipe_sharing_platform\recipe\views.py", line 415, in delete_ingredient
    ingredient = get_object_or_404(Ingredient, id=ingredient_id)
  File "D:\MINI_PROJECT\projectenv\lib\site-packages\django\shortcuts.py", line 76, in get_object_or_404
    return queryset.get(*args, **kwargs)
  File "D:\MINI_PROJECT\projectenv\lib\site-packages\django\db\models\query.py", line 424, in get
    clone = self._chain() if self.query.combinator else self.filter(*args, **kwargs)
  File "D:\MINI_PROJECT\projectenv\lib\site-packages\django\db\models\query.py", line 941, in filter
    return self._filter_or_exclude(False, args, kwargs)
  File "D:\MINI_PROJECT\projectenv\lib\site-packages\django\db\models\query.py", line 961, in _filter_or_exclude
    clone._filter_or_exclude_inplace(negate, args, kwargs)
  File "D:\MINI_PROJECT\projectenv\lib\site-packages\django\db\models\query.py", line 968, in _filter_or_exclude_inplace
    self._query.add_q(Q(*args, **kwargs))
  File "D:\MINI_PROJECT\projectenv\lib\site-packages\django\db\models\sql\query.py", line 1416, in add_q
    clause, _ = self._add_q(q_object, self.used_aliases)
  File "D:\MINI_PROJECT\projectenv\lib\site-packages\django\db\models\sql\query.py", line 1438, in _add_q
    split_subq=split_subq, check_filterable=check_filterable,
  File "D:\MINI_PROJECT\projectenv\lib\site-packages\django\db\models\sql\query.py", line 1309, in build_filter
    lookups, parts, reffed_expression = self.solve_lookup_type(arg)
  File "D:\MINI_PROJECT\projectenv\lib\site-packages\django\db\models\sql\query.py", line 1135, in solve_lookup_type
    _, field, _, lookup_parts = self.names_to_path(lookup_splitted, self.get_meta())
  File "D:\MINI_PROJECT\projectenv\lib\site-packages\django\db\models\sql\query.py", line 1563, in names_to_path
    "Choices are: %s" % (name, ", ".join(available)))
django.core.exceptions.FieldError: Cannot resolve keyword 'id' into field. Choices are: category_id, ingredient_id, name, recipe, recipeingredient, substitutions
Internal Server Error: /ingredients/delete/1/
Traceback (most recent call last):
  File "D:\MINI_PROJECT\projectenv\lib\site-packages\django\core\handlers\exception.py", line 47, in inner
    response = get_response(request)
  File "D:\MINI_PROJECT\projectenv\lib\site-packages\django\core\handlers\base.py", line 181, in _get_response
    response = wrapped_callback(request, *callback_args, **callback_kwargs)
  File "D:\MINI_PROJECT\recipe_sharing_platform\recipe\views.py", line 415, in delete_ingredient
    ingredient = get_object_or_404(Ingredient, id=ingredient_id)
  File "D:\MINI_PROJECT\projectenv\lib\site-packages\django\shortcuts.py", line 76, in get_object_or_404
    return queryset.get(*args, **kwargs)
  File "D:\MINI_PROJECT\projectenv\lib\site-packages\django\db\models\query.py", line 424, in get
    clone = self._chain() if self.query.combinator else self.filter(*args, **kwargs)
  File "D:\MINI_PROJECT\projectenv\lib\site-packages\django\db\models\query.py", line 941, in filter
    return self._filter_or_exclude(False, args, kwargs)
  File "D:\MINI_PROJECT\projectenv\lib\site-packages\django\db\models\query.py", line 961, in _filter_or_exclude
    clone._filter_or_exclude_inplace(negate, args, kwargs)
  File "D:\MINI_PROJECT\projectenv\lib\site-packages\django\db\models\query.py", line 968, in _filter_or_exclude_inplace
    self._query.add_q(Q(*args, **kwargs))
  File "D:\MINI_PROJECT\projectenv\lib\site-packages\django\db\models\sql\query.py", line 1416, in add_q
    clause, _ = self._add_q(q_object, self.used_aliases)
  File "D:\MINI_PROJECT\projectenv\lib\site-packages\django\db\models\sql\query.py", line 1438, in _add_q
    split_subq=split_subq, check_filterable=check_filterable,
  File "D:\MINI_PROJECT\projectenv\lib\site-packages\django\db\models\sql\query.py", line 1309, in build_filter
    lookups, parts, reffed_expression = self.solve_lookup_type(arg)
  File "D:\MINI_PROJECT\projectenv\lib\site-packages\django\db\models\sql\query.py", line 1135, in solve_lookup_type
    _, field, _, lookup_parts = self.names_to_path(lookup_splitted, self.get_meta())
  File "D:\MINI_PROJECT\projectenv\lib\site-packages\django\db\models\sql\query.py", line 1563, in names_to_path
    "Choices are: %s" % (name, ", ".join(available)))
django.core.exceptions.FieldError: Cannot resolve keyword 'id' into field. Choices are: category_id, ingredient_id, name, recipe, recipeingredient, substitutions
D:\MINI_PROJECT\recipe_sharing_platform\recipe\views.py changed, reloading.
Using selector: SelectSelector
Watching for file changes with StatReloader
D:\MINI_PROJECT\recipe_sharing_platform\recipe\urls.py changed, reloading.
Using selector: SelectSelector
Watching for file changes with StatReloader
Using selector: SelectSelector
Using selector: SelectSelector
Watching for file changes with StatReloader
Recipe ID: 10, Recipe ID type: <class 'int'>, Name: Barfi
Recipe ID: 11, Recipe ID type: <class 'int'>, Name: Motta Adai
Internal Server Error: /ingredients/delete/1/
Traceback (most recent call last):
  File "D:\MINI_PROJECT\projectenv\lib\site-packages\django\core\handlers\exception.py", line 47, in inner
    response = get_response(request)
  File "D:\MINI_PROJECT\projectenv\lib\site-packages\django\core\handlers\base.py", line 181, in _get_response
    response = wrapped_callback(request, *callback_args, **callback_kwargs)
  File "D:\MINI_PROJECT\recipe_sharing_platform\recipe\views.py", line 419, in delete_ingredient
    return render(request, 'confirm_delete.html', {'ingredient': ingredient})
  File "D:\MINI_PROJECT\projectenv\lib\site-packages\django\shortcuts.py", line 19, in render
    content = loader.render_to_string(template_name, context, request, using=using)
  File "D:\MINI_PROJECT\projectenv\lib\site-packages\django\template\loader.py", line 61, in render_to_string
    template = get_template(template_name, using=using)
  File "D:\MINI_PROJECT\projectenv\lib\site-packages\django\template\loader.py", line 19, in get_template
    raise TemplateDoesNotExist(template_name, chain=chain)
django.template.exceptions.TemplateDoesNotExist: confirm_delete.html
D:\MINI_PROJECT\recipe_sharing_platform\recipe\views.py changed, reloading.
Using selector: SelectSelector
Watching for file changes with StatReloader
D:\MINI_PROJECT\recipe_sharing_platform\recipe\views.py changed, reloading.
Using selector: SelectSelector
Watching for file changes with StatReloader
D:\MINI_PROJECT\recipe_sharing_platform\recipe\views.py changed, reloading.
Using selector: SelectSelector
Watching for file changes with StatReloader
Internal Server Error: /ingredients/edit/14/
Traceback (most recent call last):
  File "D:\MINI_PROJECT\projectenv\lib\site-packages\django\core\handlers\exception.py", line 47, in inner
    response = get_response(request)
  File "D:\MINI_PROJECT\projectenv\lib\site-packages\django\core\handlers\base.py", line 181, in _get_response
    response = wrapped_callback(request, *callback_args, **callback_kwargs)
  File "D:\MINI_PROJECT\recipe_sharing_platform\recipe\views.py", line 404, in edit_ingredient
    ingredient = Ingredient.objects.get(id=ingredient_id)
  File "D:\MINI_PROJECT\projectenv\lib\site-packages\django\db\models\manager.py", line 85, in manager_method
    return getattr(self.get_queryset(), name)(*args, **kwargs)
  File "D:\MINI_PROJECT\projectenv\lib\site-packages\django\db\models\query.py", line 424, in get
    clone = self._chain() if self.query.combinator else self.filter(*args, **kwargs)
  File "D:\MINI_PROJECT\projectenv\lib\site-packages\django\db\models\query.py", line 941, in filter
    return self._filter_or_exclude(False, args, kwargs)
  File "D:\MINI_PROJECT\projectenv\lib\site-packages\django\db\models\query.py", line 961, in _filter_or_exclude
    clone._filter_or_exclude_inplace(negate, args, kwargs)
  File "D:\MINI_PROJECT\projectenv\lib\site-packages\django\db\models\query.py", line 968, in _filter_or_exclude_inplace
    self._query.add_q(Q(*args, **kwargs))
  File "D:\MINI_PROJECT\projectenv\lib\site-packages\django\db\models\sql\query.py", line 1416, in add_q
    clause, _ = self._add_q(q_object, self.used_aliases)
  File "D:\MINI_PROJECT\projectenv\lib\site-packages\django\db\models\sql\query.py", line 1438, in _add_q
    split_subq=split_subq, check_filterable=check_filterable,
  File "D:\MINI_PROJECT\projectenv\lib\site-packages\django\db\models\sql\query.py", line 1309, in build_filter
    lookups, parts, reffed_expression = self.solve_lookup_type(arg)
  File "D:\MINI_PROJECT\projectenv\lib\site-packages\django\db\models\sql\query.py", line 1135, in solve_lookup_type
    _, field, _, lookup_parts = self.names_to_path(lookup_splitted, self.get_meta())
  File "D:\MINI_PROJECT\projectenv\lib\site-packages\django\db\models\sql\query.py", line 1563, in names_to_path
    "Choices are: %s" % (name, ", ".join(available)))
django.core.exceptions.FieldError: Cannot resolve keyword 'id' into field. Choices are: category_id, ingredient_id, name, recipe, recipeingredient, substitutions
D:\MINI_PROJECT\recipe_sharing_platform\recipe\urls.py changed, reloading.
Using selector: SelectSelector
Watching for file changes with StatReloader
D:\MINI_PROJECT\recipe_sharing_platform\recipe\urls.py changed, reloading.
Using selector: SelectSelector
Watching for file changes with StatReloader
D:\MINI_PROJECT\recipe_sharing_platform\recipe\urls.py changed, reloading.
Using selector: SelectSelector
Watching for file changes with StatReloader
D:\MINI_PROJECT\recipe_sharing_platform\recipe\views.py changed, reloading.
Using selector: SelectSelector
Watching for file changes with StatReloader
Not Found: /ingredients/delete/1/
Using selector: SelectSelector
Using selector: SelectSelector
Watching for file changes with StatReloader
D:\MINI_PROJECT\recipe_sharing_platform\recipe\urls.py changed, reloading.
Using selector: SelectSelector
Watching for file changes with StatReloader
D:\MINI_PROJECT\recipe_sharing_platform\recipe\urls.py changed, reloading.
Using selector: SelectSelector
Watching for file changes with StatReloader
D:\MINI_PROJECT\recipe_sharing_platform\recipe\views.py changed, reloading.
Using selector: SelectSelector
Watching for file changes with StatReloader
D:\MINI_PROJECT\recipe_sharing_platform\recipe\views.py changed, reloading.
Using selector: SelectSelector
Watching for file changes with StatReloader
D:\MINI_PROJECT\recipe_sharing_platform\recipe\views.py changed, reloading.
Using selector: SelectSelector
Watching for file changes with StatReloader
D:\MINI_PROJECT\recipe_sharing_platform\recipe\views.py changed, reloading.
Using selector: SelectSelector
Watching for file changes with StatReloader
D:\MINI_PROJECT\recipe_sharing_platform\recipe\views.py changed, reloading.
Using selector: SelectSelector
Watching for file changes with StatReloader
D:\MINI_PROJECT\recipe_sharing_platform\recipe\views.py changed, reloading.
Using selector: SelectSelector
Watching for file changes with StatReloader
D:\MINI_PROJECT\recipe_sharing_platform\recipe\views.py changed, reloading.
Using selector: SelectSelector
Watching for file changes with StatReloader
D:\MINI_PROJECT\recipe_sharing_platform\recipe\views.py changed, reloading.
Using selector: SelectSelector
Watching for file changes with StatReloader
Using selector: SelectSelector
Using selector: SelectSelector
Watching for file changes with StatReloader
Recipe ID: 10, Recipe ID type: <class 'int'>, Name: Barfi
Recipe ID: 11, Recipe ID type: <class 'int'>, Name: Motta Adai
Internal Server Error: /recipe_manager_dashboard/
Traceback (most recent call last):
  File "D:\MINI_PROJECT\projectenv\lib\site-packages\django\core\handlers\exception.py", line 47, in inner
    response = get_response(request)
  File "D:\MINI_PROJECT\projectenv\lib\site-packages\django\core\handlers\base.py", line 181, in _get_response
    response = wrapped_callback(request, *callback_args, **callback_kwargs)
  File "D:\MINI_PROJECT\recipe_sharing_platform\recipe\views.py", line 319, in recipe_manager_dashboard
    return render(request, 'recipe_manager_dashboard.html',context)
  File "D:\MINI_PROJECT\projectenv\lib\site-packages\django\shortcuts.py", line 19, in render
    content = loader.render_to_string(template_name, context, request, using=using)
  File "D:\MINI_PROJECT\projectenv\lib\site-packages\django\template\loader.py", line 62, in render_to_string
    return template.render(context, request)
  File "D:\MINI_PROJECT\projectenv\lib\site-packages\django\template\backends\django.py", line 61, in render
    return self.template.render(context)
  File "D:\MINI_PROJECT\projectenv\lib\site-packages\django\template\base.py", line 170, in render
    return self._render(context)
  File "D:\MINI_PROJECT\projectenv\lib\site-packages\django\template\base.py", line 162, in _render
    return self.nodelist.render(context)
  File "D:\MINI_PROJECT\projectenv\lib\site-packages\django\template\base.py", line 938, in render
    bit = node.render_annotated(context)
  File "D:\MINI_PROJECT\projectenv\lib\site-packages\django\template\base.py", line 905, in render_annotated
    return self.render(context)
  File "D:\MINI_PROJECT\projectenv\lib\site-packages\django\template\defaulttags.py", line 449, in render
    url = reverse(view_name, args=args, kwargs=kwargs, current_app=current_app)
  File "D:\MINI_PROJECT\projectenv\lib\site-packages\django\urls\base.py", line 86, in reverse
    return resolver._reverse_with_prefix(view, prefix, *args, **kwargs)
  File "D:\MINI_PROJECT\projectenv\lib\site-packages\django\urls\resolvers.py", line 698, in _reverse_with_prefix
    raise NoReverseMatch(msg)
django.urls.exceptions.NoReverseMatch: Reverse for 'nutritional-info' not found. 'nutritional-info' is not a valid view function or pattern name.
D:\MINI_PROJECT\recipe_sharing_platform\recipe\views.py changed, reloading.
Using selector: SelectSelector
Watching for file changes with StatReloader
D:\MINI_PROJECT\recipe_sharing_platform\recipe\views.py changed, reloading.
Using selector: SelectSelector
Watching for file changes with StatReloader
D:\MINI_PROJECT\recipe_sharing_platform\recipe\views.py changed, reloading.
Using selector: SelectSelector
Watching for file changes with StatReloader
D:\MINI_PROJECT\recipe_sharing_platform\recipe\views.py changed, reloading.
Using selector: SelectSelector
Watching for file changes with StatReloader
D:\MINI_PROJECT\recipe_sharing_platform\recipe\views.py changed, reloading.
Using selector: SelectSelector
Watching for file changes with StatReloader
D:\MINI_PROJECT\recipe_sharing_platform\recipe\views.py changed, reloading.
Using selector: SelectSelector
Watching for file changes with StatReloader
D:\MINI_PROJECT\recipe_sharing_platform\recipe\urls.py changed, reloading.
Using selector: SelectSelector
Watching for file changes with StatReloader
D:\MINI_PROJECT\recipe_sharing_platform\recipe\views.py changed, reloading.
Using selector: SelectSelector
Watching for file changes with StatReloader
